  visualDepthMap.cpp
visualDepthMap.obj : error LNK2019: unresolved external symbol __imp__getError referenced in function "void __cdecl ExportDataAndImage(void)" (?ExportDataAndImage@@YAXXZ)
visualDepthMap.obj : error LNK2019: unresolved external symbol __imp__createRawData referenced in function "void __cdecl ExportDataAndImage(void)" (?ExportDataAndImage@@YAXXZ)
visualDepthMap.obj : error LNK2019: unresolved external symbol __imp__clearRawData referenced in function "void __cdecl ExportDataAndImage(void)" (?ExportDataAndImage@@YAXXZ)
visualDepthMap.obj : error LNK2019: unresolved external symbol __imp__createData referenced in function "void __cdecl ExportDataAndImage(void)" (?ExportDataAndImage@@YAXXZ)
visualDepthMap.obj : error LNK2019: unresolved external symbol __imp__clearData referenced in function "void __cdecl ExportDataAndImage(void)" (?ExportDataAndImage@@YAXXZ)
visualDepthMap.obj : error LNK2019: unresolved external symbol __imp__initDevice referenced in function "void __cdecl ExportDataAndImage(void)" (?ExportDataAndImage@@YAXXZ)
visualDepthMap.obj : error LNK2019: unresolved external symbol __imp__closeDevice referenced in function "void __cdecl ExportDataAndImage(void)" (?ExportDataAndImage@@YAXXZ)
visualDepthMap.obj : error LNK2019: unresolved external symbol __imp__getNumberOfDevicePresetCategories referenced in function "void __cdecl ExportDataAndImage(void)" (?ExportDataAndImage@@YAXXZ)
visualDepthMap.obj : error LNK2019: unresolved external symbol __imp__setDevicePreset referenced in function "void __cdecl ExportDataAndImage(void)" (?ExportDataAndImage@@YAXXZ)
visualDepthMap.obj : error LNK2019: unresolved external symbol __imp__getDevicePresetDescription referenced in function "void __cdecl ExportDataAndImage(void)" (?ExportDataAndImage@@YAXXZ)
visualDepthMap.obj : error LNK2019: unresolved external symbol __imp__getNumberOfDevicePresets referenced in function "void __cdecl ExportDataAndImage(void)" (?ExportDataAndImage@@YAXXZ)
visualDepthMap.obj : error LNK2019: unresolved external symbol __imp__initProbe referenced in function "void __cdecl ExportDataAndImage(void)" (?ExportDataAndImage@@YAXXZ)
visualDepthMap.obj : error LNK2019: unresolved external symbol __imp__closeProbe referenced in function "void __cdecl ExportDataAndImage(void)" (?ExportDataAndImage@@YAXXZ)
visualDepthMap.obj : error LNK2019: unresolved external symbol __imp__createBScanPattern referenced in function "void __cdecl ExportDataAndImage(void)" (?ExportDataAndImage@@YAXXZ)
visualDepthMap.obj : error LNK2019: unresolved external symbol __imp__clearScanPattern referenced in function "void __cdecl ExportDataAndImage(void)" (?ExportDataAndImage@@YAXXZ)
visualDepthMap.obj : error LNK2019: unresolved external symbol __imp__startMeasurement referenced in function "void __cdecl ExportDataAndImage(void)" (?ExportDataAndImage@@YAXXZ)
visualDepthMap.obj : error LNK2019: unresolved external symbol __imp__getRawData referenced in function "void __cdecl ExportDataAndImage(void)" (?ExportDataAndImage@@YAXXZ)
visualDepthMap.obj : error LNK2019: unresolved external symbol __imp__stopMeasurement referenced in function "void __cdecl ExportDataAndImage(void)" (?ExportDataAndImage@@YAXXZ)
visualDepthMap.obj : error LNK2019: unresolved external symbol __imp__createProcessingForDevice referenced in function "void __cdecl ExportDataAndImage(void)" (?ExportDataAndImage@@YAXXZ)
visualDepthMap.obj : error LNK2019: unresolved external symbol __imp__setProcessedDataOutput referenced in function "void __cdecl ExportDataAndImage(void)" (?ExportDataAndImage@@YAXXZ)
visualDepthMap.obj : error LNK2019: unresolved external symbol __imp__executeProcessing referenced in function "void __cdecl ExportDataAndImage(void)" (?ExportDataAndImage@@YAXXZ)
visualDepthMap.obj : error LNK2019: unresolved external symbol __imp__clearProcessing referenced in function "void __cdecl ExportDataAndImage(void)" (?ExportDataAndImage@@YAXXZ)
visualDepthMap.obj : error LNK2019: unresolved external symbol __imp__exportData referenced in function "void __cdecl ExportDataAndImage(void)" (?ExportDataAndImage@@YAXXZ)
visualDepthMap.obj : error LNK2019: unresolved external symbol __imp__exportDataAsImage referenced in function "void __cdecl ExportDataAndImage(void)" (?ExportDataAndImage@@YAXXZ)
visualDepthMap.obj : error LNK2019: unresolved external symbol __imp__exportRawData referenced in function "void __cdecl ExportDataAndImage(void)" (?ExportDataAndImage@@YAXXZ)
visualDepthMap.obj : error LNK2019: unresolved external symbol __imp__createColoring32Bit referenced in function "void __cdecl ExportDataAndImage(void)" (?ExportDataAndImage@@YAXXZ)
visualDepthMap.obj : error LNK2019: unresolved external symbol __imp__setColoringBoundaries referenced in function "void __cdecl ExportDataAndImage(void)" (?ExportDataAndImage@@YAXXZ)
C:\Ajay_OCT\visualDepthMap\Dependecncies\SpectralRadar\lib\RenderingLibrary.lib : warning LNK4272: library machine type 'x64' conflicts with target machine type 'x86'
C:\Ajay_OCT\visualDepthMap\Dependecncies\SpectralRadar\lib\SpectralRadar.lib : warning LNK4272: library machine type 'x64' conflicts with target machine type 'x86'
C:\opencv\build\x64\vc15\lib\opencv_world460.lib : warning LNK4272: library machine type 'x64' conflicts with target machine type 'x86'
C:\opencv\build\x64\vc15\lib\opencv_world460d.lib : warning LNK4272: library machine type 'x64' conflicts with target machine type 'x86'
C:\Ajay_OCT\visualDepthMap\bin\Win32\Debug\visualDepthMap.exe : fatal error LNK1120: 27 unresolved externals
